{"C:\\Users\\Emadlg\\Desktop\\UVG\\Tercer Año\\Primer Ciclo\\Sistemas y Tecnologías Web\\proyecto1\\src\\components\\Calculator\\Calculator.jsx": {"path":"C:\\Users\\Emadlg\\Desktop\\UVG\\Tercer Año\\Primer Ciclo\\Sistemas y Tecnologías Web\\proyecto1\\src\\components\\Calculator\\Calculator.jsx","statementMap":{"0":{"start":{"line":7,"column":0},"end":{"line":88,"column":2}},"1":{"start":{"line":10,"column":2},"end":{"line":13,"column":4}},"2":{"start":{"line":11,"column":4},"end":{"line":11,"column":26}},"3":{"start":{"line":12,"column":4},"end":{"line":12,"column":43}},"4":{"start":{"line":15,"column":2},"end":{"line":17,"column":4}},"5":{"start":{"line":16,"column":4},"end":{"line":16,"column":42}},"6":{"start":{"line":19,"column":2},"end":{"line":24,"column":4}},"7":{"start":{"line":20,"column":4},"end":{"line":20,"column":42}},"8":{"start":{"line":21,"column":4},"end":{"line":21,"column":42}},"9":{"start":{"line":22,"column":4},"end":{"line":22,"column":42}},"10":{"start":{"line":23,"column":4},"end":{"line":23,"column":44}},"11":{"start":{"line":26,"column":2},"end":{"line":32,"column":4}},"12":{"start":{"line":27,"column":19},"end":{"line":27,"column":31}},"13":{"start":{"line":28,"column":4},"end":{"line":30,"column":6}},"14":{"start":{"line":29,"column":6},"end":{"line":29,"column":46}},"15":{"start":{"line":31,"column":4},"end":{"line":31,"column":50}},"16":{"start":{"line":34,"column":2},"end":{"line":40,"column":4}},"17":{"start":{"line":35,"column":4},"end":{"line":35,"column":42}},"18":{"start":{"line":36,"column":4},"end":{"line":36,"column":42}},"19":{"start":{"line":37,"column":4},"end":{"line":37,"column":42}},"20":{"start":{"line":38,"column":4},"end":{"line":38,"column":42}},"21":{"start":{"line":39,"column":4},"end":{"line":39,"column":42}},"22":{"start":{"line":42,"column":2},"end":{"line":48,"column":4}},"23":{"start":{"line":43,"column":4},"end":{"line":43,"column":42}},"24":{"start":{"line":44,"column":4},"end":{"line":44,"column":42}},"25":{"start":{"line":45,"column":4},"end":{"line":45,"column":42}},"26":{"start":{"line":46,"column":4},"end":{"line":46,"column":42}},"27":{"start":{"line":47,"column":4},"end":{"line":47,"column":46}},"28":{"start":{"line":50,"column":2},"end":{"line":57,"column":4}},"29":{"start":{"line":51,"column":4},"end":{"line":51,"column":42}},"30":{"start":{"line":52,"column":4},"end":{"line":52,"column":42}},"31":{"start":{"line":53,"column":4},"end":{"line":53,"column":42}},"32":{"start":{"line":54,"column":4},"end":{"line":54,"column":42}},"33":{"start":{"line":55,"column":4},"end":{"line":55,"column":42}},"34":{"start":{"line":56,"column":4},"end":{"line":56,"column":50}},"35":{"start":{"line":59,"column":2},"end":{"line":65,"column":4}},"36":{"start":{"line":60,"column":4},"end":{"line":60,"column":42}},"37":{"start":{"line":61,"column":4},"end":{"line":61,"column":42}},"38":{"start":{"line":62,"column":4},"end":{"line":62,"column":42}},"39":{"start":{"line":63,"column":4},"end":{"line":63,"column":42}},"40":{"start":{"line":64,"column":4},"end":{"line":64,"column":46}},"41":{"start":{"line":67,"column":2},"end":{"line":74,"column":4}},"42":{"start":{"line":68,"column":4},"end":{"line":68,"column":42}},"43":{"start":{"line":69,"column":4},"end":{"line":69,"column":42}},"44":{"start":{"line":70,"column":4},"end":{"line":70,"column":42}},"45":{"start":{"line":71,"column":4},"end":{"line":71,"column":42}},"46":{"start":{"line":72,"column":4},"end":{"line":72,"column":42}},"47":{"start":{"line":73,"column":4},"end":{"line":73,"column":42}},"48":{"start":{"line":76,"column":2},"end":{"line":80,"column":4}},"49":{"start":{"line":77,"column":4},"end":{"line":77,"column":42}},"50":{"start":{"line":78,"column":4},"end":{"line":78,"column":44}},"51":{"start":{"line":79,"column":4},"end":{"line":79,"column":43}},"52":{"start":{"line":82,"column":2},"end":{"line":87,"column":4}},"53":{"start":{"line":83,"column":4},"end":{"line":83,"column":42}},"54":{"start":{"line":84,"column":4},"end":{"line":84,"column":44}},"55":{"start":{"line":85,"column":4},"end":{"line":85,"column":44}},"56":{"start":{"line":86,"column":4},"end":{"line":86,"column":42}}},"fnMap":{"0":{"name":"(anonymous_0)","decl":{"start":{"line":7,"column":23},"end":{"line":7,"column":24}},"loc":{"start":{"line":7,"column":29},"end":{"line":88,"column":1}},"line":7},"1":{"name":"(anonymous_1)","decl":{"start":{"line":10,"column":13},"end":{"line":10,"column":14}},"loc":{"start":{"line":10,"column":19},"end":{"line":13,"column":3}},"line":10},"2":{"name":"(anonymous_2)","decl":{"start":{"line":15,"column":55},"end":{"line":15,"column":56}},"loc":{"start":{"line":15,"column":61},"end":{"line":17,"column":3}},"line":15},"3":{"name":"(anonymous_3)","decl":{"start":{"line":19,"column":35},"end":{"line":19,"column":36}},"loc":{"start":{"line":19,"column":41},"end":{"line":24,"column":3}},"line":19},"4":{"name":"(anonymous_4)","decl":{"start":{"line":26,"column":37},"end":{"line":26,"column":38}},"loc":{"start":{"line":26,"column":43},"end":{"line":32,"column":3}},"line":26},"5":{"name":"(anonymous_5)","decl":{"start":{"line":28,"column":29},"end":{"line":28,"column":30}},"loc":{"start":{"line":28,"column":38},"end":{"line":30,"column":5}},"line":28},"6":{"name":"(anonymous_6)","decl":{"start":{"line":34,"column":38},"end":{"line":34,"column":39}},"loc":{"start":{"line":34,"column":44},"end":{"line":40,"column":3}},"line":34},"7":{"name":"(anonymous_7)","decl":{"start":{"line":42,"column":43},"end":{"line":42,"column":44}},"loc":{"start":{"line":42,"column":49},"end":{"line":48,"column":3}},"line":42},"8":{"name":"(anonymous_8)","decl":{"start":{"line":50,"column":38},"end":{"line":50,"column":39}},"loc":{"start":{"line":50,"column":44},"end":{"line":57,"column":3}},"line":50},"9":{"name":"(anonymous_9)","decl":{"start":{"line":59,"column":44},"end":{"line":59,"column":45}},"loc":{"start":{"line":59,"column":50},"end":{"line":65,"column":3}},"line":59},"10":{"name":"(anonymous_10)","decl":{"start":{"line":67,"column":46},"end":{"line":67,"column":47}},"loc":{"start":{"line":67,"column":52},"end":{"line":74,"column":3}},"line":67},"11":{"name":"(anonymous_11)","decl":{"start":{"line":76,"column":45},"end":{"line":76,"column":46}},"loc":{"start":{"line":76,"column":51},"end":{"line":80,"column":3}},"line":76},"12":{"name":"(anonymous_12)","decl":{"start":{"line":82,"column":54},"end":{"line":82,"column":55}},"loc":{"start":{"line":82,"column":60},"end":{"line":87,"column":3}},"line":82}},"branchMap":{},"s":{"0":1,"1":1,"2":10,"3":0,"4":1,"5":0,"6":1,"7":0,"8":0,"9":0,"10":0,"11":1,"12":0,"13":0,"14":0,"15":0,"16":1,"17":0,"18":0,"19":0,"20":0,"21":0,"22":1,"23":0,"24":0,"25":0,"26":0,"27":0,"28":1,"29":0,"30":0,"31":0,"32":0,"33":0,"34":0,"35":1,"36":0,"37":0,"38":0,"39":0,"40":0,"41":1,"42":0,"43":0,"44":0,"45":0,"46":0,"47":0,"48":1,"49":0,"50":0,"51":0,"52":1,"53":0,"54":0,"55":0,"56":0},"f":{"0":1,"1":10,"2":0,"3":0,"4":0,"5":0,"6":0,"7":0,"8":0,"9":0,"10":0,"11":0,"12":0},"b":{},"_coverageSchema":"1a1c01bbd47fc00a2c39e90264f33305004495a9","hash":"211ca158d37d1093e02ba5c45e8a8ac87b56f667"}
}
